[debug] [2023-03-30T00:50:30.444Z] ----------------------------------------------------------------------
[debug] [2023-03-30T00:50:30.446Z] Command:       /usr/local/bin/node /usr/local/bin/firebase init
[debug] [2023-03-30T00:50:30.446Z] CLI Version:   11.25.2
[debug] [2023-03-30T00:50:30.446Z] Platform:      darwin
[debug] [2023-03-30T00:50:30.446Z] Node Version:  v16.15.1
[debug] [2023-03-30T00:50:30.447Z] Time:          Wed Mar 29 2023 21:50:30 GMT-0300 (Argentina Standard Time)
[debug] [2023-03-30T00:50:30.447Z] ----------------------------------------------------------------------
[debug] 
[debug] [2023-03-30T00:50:30.452Z] > command requires scopes: ["email","openid","https://www.googleapis.com/auth/cloudplatformprojects.readonly","https://www.googleapis.com/auth/firebase","https://www.googleapis.com/auth/cloud-platform"]
[debug] [2023-03-30T00:50:30.452Z] > authorizing via signed-in user (altego.estudio@gmail.com)
[info] 
     ######## #### ########  ######## ########     ###     ######  ########
     ##        ##  ##     ## ##       ##     ##  ##   ##  ##       ##
     ######    ##  ########  ######   ########  #########  ######  ######
     ##        ##  ##    ##  ##       ##     ## ##     ##       ## ##
     ##       #### ##     ## ######## ########  ##     ##  ######  ########

You're about to initialize a Firebase project in this directory:

  /Users/pavlo/Documentos en disco/ScoutingNetwork/React/sn-react

[info] 
=== Project Setup
[info] 
[info] First, let's associate this project directory with a Firebase project.
[info] You can create multiple project aliases by running firebase use --add, 
[info] but for now we'll just set up a default project.
[info] 
[debug] [2023-03-30T00:50:37.760Z] >>> [apiv2][query] GET https://firebase.googleapis.com/v1beta1/projects pageSize=100
[debug] [2023-03-30T00:50:38.612Z] <<< [apiv2][status] GET https://firebase.googleapis.com/v1beta1/projects 200
[debug] [2023-03-30T00:50:38.612Z] <<< [apiv2][body] GET https://firebase.googleapis.com/v1beta1/projects [omitted]
[info] i  Using project scoutingnetwork-3b069 (ScoutingNetwork) 
[info] 
=== Hosting Setup
[info] 
[info] Your public directory is the folder (relative to your project directory) that
[info] will contain Hosting assets to be uploaded with firebase deploy. If you
[info] have a build process for your assets, use your build's output directory.
[info] 
[info] ✔  Wrote public/404.html 
[debug] [2023-03-30T00:51:03.192Z] >>> [apiv2][query] GET https://www.gstatic.com/firebasejs/releases.json [none]
[debug] [2023-03-30T00:51:03.335Z] <<< [apiv2][status] GET https://www.gstatic.com/firebasejs/releases.json 200
[debug] [2023-03-30T00:51:03.335Z] <<< [apiv2][body] GET https://www.gstatic.com/firebasejs/releases.json {"current":{"version":"9.18.0","browserURL":"https://www.gstatic.com/firebasejs/9.18.0/firebase.js","packageURL":"https://www.gstatic.com/firebasejs/9.18.0/firebase.tgz"},"live":{"version":"9.18","browserURL":"https://www.gstatic.com/firebasejs/live/9.18/firebase.js","packageURL":"https://www.gstatic.com/firebasejs/live/9.18/firebase.tgz"},"components":{"analytics":"https://www.gstatic.com/firebasejs/9.18.0/firebase-analytics.js","app":"https://www.gstatic.com/firebasejs/9.18.0/firebase-app.js","app-check":"https://www.gstatic.com/firebasejs/9.18.0/firebase-app-check.js","auth":"https://www.gstatic.com/firebasejs/9.18.0/firebase-auth.js","auth/cordova":"https://www.gstatic.com/firebasejs/9.18.0/firebase-auth/cordova.js","auth/react-native":"https://www.gstatic.com/firebasejs/9.18.0/firebase-auth/react-native.js","functions":"https://www.gstatic.com/firebasejs/9.18.0/firebase-functions.js","firestore":"https://www.gstatic.com/firebasejs/9.18.0/firebase-firestore.js","firestore/lite":"https://www.gstatic.com/firebasejs/9.18.0/firebase-firestore/lite.js","installations":"https://www.gstatic.com/firebasejs/9.18.0/firebase-installations.js","storage":"https://www.gstatic.com/firebasejs/9.18.0/firebase-storage.js","performance":"https://www.gstatic.com/firebasejs/9.18.0/firebase-performance.js","remote-config":"https://www.gstatic.com/firebasejs/9.18.0/firebase-remote-config.js","messaging":"https://www.gstatic.com/firebasejs/9.18.0/firebase-messaging.js","messaging/sw":"https://www.gstatic.com/firebasejs/9.18.0/firebase-messaging/sw.js","database":"https://www.gstatic.com/firebasejs/9.18.0/firebase-database.js","firestore.memory":"https://www.gstatic.com/firebasejs/9.18.0/firebase-firestore.memory.js"}}
[info] i  Skipping write of public/index.html 
[info] 
[info] i  Detected a .git folder at /Users/pavlo/Documentos en disco/ScoutingNetwork/React/sn-react 
[info] i  Authorizing with GitHub to upload your service account to a GitHub repository's secrets store. 
[info] 
[info] Visit this URL on this device to log in:
[info] https://github.com/login/oauth/authorize?client_id=89cf50f02ac6aaed3484&state=1007962483&redirect_uri=http%3A%2F%2Flocalhost%3A9005&scope=read%3Auser%20repo%20public_repo
[info] 
[info] Waiting for authentication...
[debug] [2023-03-30T00:53:10.284Z] >>> [apiv2][query] POST https://github.com/login/oauth/access_token [none]
[debug] [2023-03-30T00:53:10.285Z] >>> [apiv2][body] POST https://github.com/login/oauth/access_token [stream]
[debug] [2023-03-30T00:53:11.519Z] <<< [apiv2][status] POST https://github.com/login/oauth/access_token 200
[debug] [2023-03-30T00:53:11.519Z] <<< [apiv2][body] POST https://github.com/login/oauth/access_token {"access_token":"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","token_type":"bearer","scope":"read:user,repo"}
[debug] [2023-03-30T00:53:11.535Z] >>> [apiv2][query] GET https://api.github.com/user [none]
[debug] [2023-03-30T00:53:12.102Z] <<< [apiv2][status] GET https://api.github.com/user 200
[debug] [2023-03-30T00:53:12.103Z] <<< [apiv2][body] GET https://api.github.com/user {"login":"altegoestudio","id":31453314,"node_id":"MDQ6VXNlcjMxNDUzMzE0","avatar_url":"https://avatars.githubusercontent.com/u/31453314?v=4","gravatar_id":"","url":"https://api.github.com/users/altegoestudio","html_url":"https://github.com/altegoestudio","followers_url":"https://api.github.com/users/altegoestudio/followers","following_url":"https://api.github.com/users/altegoestudio/following{/other_user}","gists_url":"https://api.github.com/users/altegoestudio/gists{/gist_id}","starred_url":"https://api.github.com/users/altegoestudio/starred{/owner}{/repo}","subscriptions_url":"https://api.github.com/users/altegoestudio/subscriptions","organizations_url":"https://api.github.com/users/altegoestudio/orgs","repos_url":"https://api.github.com/users/altegoestudio/repos","events_url":"https://api.github.com/users/altegoestudio/events{/privacy}","received_events_url":"https://api.github.com/users/altegoestudio/received_events","type":"User","site_admin":false,"name":"Altego","company":null,"blog":"altego-estudio.com","location":null,"email":null,"hireable":null,"bio":"Estudio de Diseño","twitter_username":null,"public_repos":12,"public_gists":0,"followers":1,"following":0,"created_at":"2017-08-29T19:32:44Z","updated_at":"2023-03-30T00:53:05Z","private_gists":0,"total_private_repos":3,"owned_private_repos":3,"disk_usage":128089,"collaborators":1,"two_factor_authentication":false,"plan":{"name":"free","space":976562499,"collaborators":0,"private_repos":10000}}
[info] 
[info] ✔  Success! Logged into GitHub as altegoestudio 
[info] 
[debug] [2023-03-30T00:53:34.322Z] >>> [apiv2][query] GET https://api.github.com/repos//actions/secrets/public-key type=owner
[debug] [2023-03-30T00:53:34.750Z] <<< [apiv2][status] GET https://api.github.com/repos//actions/secrets/public-key 404
[debug] [2023-03-30T00:53:34.750Z] <<< [apiv2][body] GET https://api.github.com/repos//actions/secrets/public-key {"message":"Not Found","documentation_url":"https://docs.github.com/rest"}
